Info: Starting: Create block symbol file (.bsf)
Info: ip-generate --project-directory=C:/Users/Takeshi/Documents/FPGA/projectsC/NIOSII/pro12_buttons_control_leds/QSYS/ --output-directory=C:/Users/Takeshi/Documents/FPGA/projectsC/NIOSII/pro12_buttons_control_leds/QSYS/pro12_buttons_control_leds/ --report-file=bsf:C:/Users/Takeshi/Documents/FPGA/projectsC/NIOSII/pro12_buttons_control_leds/QSYS/pro12_buttons_control_leds.bsf --system-info=DEVICE_FAMILY="Cyclone II" --system-info=DEVICE=EP2C70F896C6 --system-info=DEVICE_SPEEDGRADE=6 --component-file=C:/Users/Takeshi/Documents/FPGA/projectsC/NIOSII/pro12_buttons_control_leds/QSYS/pro12_buttons_control_leds.qsys
Progress: Loading QSYS/pro12_buttons_control_leds.qsys
Progress: Reading input file
Progress: Adding clk_0 [clock_source 13.0]
Progress: Parameterizing module clk_0
Progress: Adding nios2_qsys_0 [altera_nios2_qsys 13.0]
Progress: Parameterizing module nios2_qsys_0
Progress: Adding onchip_memory2_0 [altera_avalon_onchip_memory2 13.0.1.99.2]
Progress: Parameterizing module onchip_memory2_0
Progress: Adding jtag_uart_0 [altera_avalon_jtag_uart 13.0.1.99.2]
Progress: Parameterizing module jtag_uart_0
Progress: Adding led [altera_avalon_pio 13.0.1.99.2]
Progress: Parameterizing module led
Progress: Adding btn [altera_avalon_pio 13.0.1.99.2]
Progress: Parameterizing module btn
Progress: Building connections
Progress: Parameterizing connections
Progress: Validating
Progress: Done reading input file
Info: pro12_buttons_control_leds.btn: PIO inputs are not hardwired in test bench. Undefined values will be read from PIO inputs during simulation.
Info: ip-generate succeeded.
Info: Finished: Create block symbol file (.bsf)
Info: 
Info: Starting: Create HDL design files for synthesis
Info: ip-generate --project-directory=C:/Users/Takeshi/Documents/FPGA/projectsC/NIOSII/pro12_buttons_control_leds/QSYS/ --output-directory=C:/Users/Takeshi/Documents/FPGA/projectsC/NIOSII/pro12_buttons_control_leds/QSYS/pro12_buttons_control_leds/synthesis/ --file-set=QUARTUS_SYNTH --report-file=sopcinfo:C:/Users/Takeshi/Documents/FPGA/projectsC/NIOSII/pro12_buttons_control_leds/QSYS/pro12_buttons_control_leds.sopcinfo --report-file=html:C:/Users/Takeshi/Documents/FPGA/projectsC/NIOSII/pro12_buttons_control_leds/QSYS/pro12_buttons_control_leds.html --report-file=qip:C:/Users/Takeshi/Documents/FPGA/projectsC/NIOSII/pro12_buttons_control_leds/QSYS/pro12_buttons_control_leds/synthesis/pro12_buttons_control_leds.qip --report-file=cmp:C:/Users/Takeshi/Documents/FPGA/projectsC/NIOSII/pro12_buttons_control_leds/QSYS/pro12_buttons_control_leds.cmp --report-file=svd --system-info=DEVICE_FAMILY="Cyclone II" --system-info=DEVICE=EP2C70F896C6 --system-info=DEVICE_SPEEDGRADE=6 --component-file=C:/Users/Takeshi/Documents/FPGA/projectsC/NIOSII/pro12_buttons_control_leds/QSYS/pro12_buttons_control_leds.qsys --language=VERILOG
Progress: Loading QSYS/pro12_buttons_control_leds.qsys
Progress: Reading input file
Progress: Adding clk_0 [clock_source 13.0]
Progress: Parameterizing module clk_0
Progress: Adding nios2_qsys_0 [altera_nios2_qsys 13.0]
Progress: Parameterizing module nios2_qsys_0
Progress: Adding onchip_memory2_0 [altera_avalon_onchip_memory2 13.0.1.99.2]
Progress: Parameterizing module onchip_memory2_0
Progress: Adding jtag_uart_0 [altera_avalon_jtag_uart 13.0.1.99.2]
Progress: Parameterizing module jtag_uart_0
Progress: Adding led [altera_avalon_pio 13.0.1.99.2]
Progress: Parameterizing module led
Progress: Adding btn [altera_avalon_pio 13.0.1.99.2]
Progress: Parameterizing module btn
Progress: Building connections
Progress: Parameterizing connections
Progress: Validating
Progress: Done reading input file
Info: pro12_buttons_control_leds.btn: PIO inputs are not hardwired in test bench. Undefined values will be read from PIO inputs during simulation.
Info: pro12_buttons_control_leds: Generating pro12_buttons_control_leds "pro12_buttons_control_leds" for QUARTUS_SYNTH
Info: pipeline_bridge_swap_transform: After transform: 6 modules, 19 connections
Info: No custom instruction connections, skipping transform 
Info: merlin_translator_transform: After transform: 13 modules, 40 connections
Info: merlin_domain_transform: After transform: 26 modules, 107 connections
Info: merlin_router_transform: After transform: 33 modules, 128 connections
Info: merlin_traffic_limiter_transform: After transform: 35 modules, 136 connections
Info: reset_adaptation_transform: After transform: 36 modules, 138 connections
Info: merlin_network_to_switch_transform: After transform: 49 modules, 166 connections
Info: limiter_update_transform: After transform: 49 modules, 168 connections
Info: merlin_mm_transform: After transform: 49 modules, 168 connections
Info: merlin_interrupt_mapper_transform: After transform: 50 modules, 171 connections
Warning: pro12_buttons_control_leds: "No matching role found for rst_controller:reset_out:reset_req (reset_req)"
Warning: pro12_buttons_control_leds: "No matching role found for rst_controller:reset_out:reset_req (reset_req)"
Warning: pro12_buttons_control_leds: "No matching role found for rst_controller:reset_out:reset_req (reset_req)"
Warning: pro12_buttons_control_leds: "No matching role found for rst_controller:reset_out:reset_req (reset_req)"
Warning: pro12_buttons_control_leds: "No matching role found for rst_controller:reset_out:reset_req (reset_req)"
Warning: pro12_buttons_control_leds: "No matching role found for rst_controller:reset_out:reset_req (reset_req)"
Warning: pro12_buttons_control_leds: "No matching role found for rst_controller:reset_out:reset_req (reset_req)"
Warning: pro12_buttons_control_leds: "No matching role found for rst_controller:reset_out:reset_req (reset_req)"
Warning: pro12_buttons_control_leds: "No matching role found for rst_controller:reset_out:reset_req (reset_req)"
Warning: pro12_buttons_control_leds: "No matching role found for rst_controller:reset_out:reset_req (reset_req)"
Warning: pro12_buttons_control_leds: "No matching role found for rst_controller:reset_out:reset_req (reset_req)"
Warning: pro12_buttons_control_leds: "No matching role found for rst_controller:reset_out:reset_req (reset_req)"
Warning: pro12_buttons_control_leds: "No matching role found for rst_controller:reset_out:reset_req (reset_req)"
Warning: pro12_buttons_control_leds: "No matching role found for rst_controller:reset_out:reset_req (reset_req)"
Warning: pro12_buttons_control_leds: "No matching role found for rst_controller:reset_out:reset_req (reset_req)"
Warning: pro12_buttons_control_leds: "No matching role found for rst_controller:reset_out:reset_req (reset_req)"
Warning: pro12_buttons_control_leds: "No matching role found for rst_controller:reset_out:reset_req (reset_req)"
Warning: pro12_buttons_control_leds: "No matching role found for rst_controller:reset_out:reset_req (reset_req)"
Warning: pro12_buttons_control_leds: "No matching role found for rst_controller:reset_out:reset_req (reset_req)"
Warning: pro12_buttons_control_leds: "No matching role found for rst_controller:reset_out:reset_req (reset_req)"
Warning: pro12_buttons_control_leds: "No matching role found for rst_controller:reset_out:reset_req (reset_req)"
Warning: pro12_buttons_control_leds: "No matching role found for rst_controller:reset_out:reset_req (reset_req)"
Warning: pro12_buttons_control_leds: "No matching role found for rst_controller:reset_out:reset_req (reset_req)"
Warning: pro12_buttons_control_leds: "No matching role found for rst_controller:reset_out:reset_req (reset_req)"
Warning: pro12_buttons_control_leds: "No matching role found for rst_controller:reset_out:reset_req (reset_req)"
Warning: pro12_buttons_control_leds: "No matching role found for rst_controller:reset_out:reset_req (reset_req)"
Warning: pro12_buttons_control_leds: "No matching role found for rst_controller:reset_out:reset_req (reset_req)"
Warning: pro12_buttons_control_leds: "No matching role found for rst_controller:reset_out:reset_req (reset_req)"
Warning: pro12_buttons_control_leds: "No matching role found for rst_controller:reset_out:reset_req (reset_req)"
Warning: pro12_buttons_control_leds: "No matching role found for rst_controller:reset_out:reset_req (reset_req)"
Warning: pro12_buttons_control_leds: "No matching role found for rst_controller:reset_out:reset_req (reset_req)"
Warning: pro12_buttons_control_leds: "No matching role found for rst_controller:reset_out:reset_req (reset_req)"
Warning: pro12_buttons_control_leds: "No matching role found for rst_controller:reset_out:reset_req (reset_req)"
Warning: pro12_buttons_control_leds: "No matching role found for rst_controller:reset_out:reset_req (reset_req)"
Warning: pro12_buttons_control_leds: "No matching role found for rst_controller:reset_out:reset_req (reset_req)"
Warning: pro12_buttons_control_leds: "No matching role found for rst_controller:reset_out:reset_req (reset_req)"
Warning: pro12_buttons_control_leds: "No matching role found for rst_controller:reset_out:reset_req (reset_req)"
Warning: pro12_buttons_control_leds: "No matching role found for rst_controller:reset_out:reset_req (reset_req)"
Warning: pro12_buttons_control_leds: "No matching role found for rst_controller:reset_out:reset_req (reset_req)"
Warning: pro12_buttons_control_leds: "No matching role found for rst_controller:reset_out:reset_req (reset_req)"
Warning: pro12_buttons_control_leds: "No matching role found for rst_controller:reset_out:reset_req (reset_req)"
Warning: pro12_buttons_control_leds: "No matching role found for rst_controller:reset_out:reset_req (reset_req)"
Warning: pro12_buttons_control_leds: "No matching role found for rst_controller:reset_out:reset_req (reset_req)"
Warning: pro12_buttons_control_leds: "No matching role found for rst_controller:reset_out:reset_req (reset_req)"
Warning: pro12_buttons_control_leds: "No matching role found for rst_controller:reset_out:reset_req (reset_req)"
Warning: pro12_buttons_control_leds: "No matching role found for rst_controller:reset_out:reset_req (reset_req)"
Warning: pro12_buttons_control_leds: "No matching role found for rst_controller:reset_out:reset_req (reset_req)"
Info: nios2_qsys_0: Starting RTL generation for module 'pro12_buttons_control_leds_nios2_qsys_0'
Info: nios2_qsys_0:   Generation command is [exec C:/altera/13.0sp1/quartus/../ip/altera/nios2_ip/altera_nios2/eperl.exe -I C:/altera/13.0sp1/quartus/common/ip/altera/common/perl/5.8.3 -I C:/altera/13.0sp1/quartus/sopc_builder/bin/europa -I C:/altera/13.0sp1/quartus/sopc_builder/bin/perl_lib -I C:/altera/13.0sp1/quartus/sopc_builder/bin -I C:/altera/13.0sp1/quartus/../ip/altera/nios2_ip/altera_nios2/cpu_lib -I C:/altera/13.0sp1/quartus/../ip/altera/nios2_ip/altera_nios2/nios_lib -I C:/altera/13.0sp1/quartus/../ip/altera/nios2_ip/altera_nios2 -I C:/altera/13.0sp1/quartus/../ip/altera/nios2_ip/altera_nios2 -- C:/altera/13.0sp1/quartus/../ip/altera/nios2_ip/altera_nios2/generate_rtl.epl --name=pro12_buttons_control_leds_nios2_qsys_0 --dir=C:/Users/Takeshi/AppData/Local/Temp/alt7921_1012708779091971593.dir/0001_nios2_qsys_0_gen/ --quartus_dir=C:/altera/13.0sp1/quartus --verilog --config=C:/Users/Takeshi/AppData/Local/Temp/alt7921_1012708779091971593.dir/0001_nios2_qsys_0_gen//pro12_buttons_control_leds_nios2_qsys_0_processor_configuration.pl  --do_build_sim=0    --bogus  ]
Info: nios2_qsys_0: # 2019.01.25 11:19:57 (*) Starting Nios II generation
Info: nios2_qsys_0: # 2019.01.25 11:19:57 (*)   Checking for plaintext license.
Info: nios2_qsys_0: # 2019.01.25 11:19:57 (*)   Plaintext license not found.
Info: nios2_qsys_0: # 2019.01.25 11:19:57 (*)   Checking for encrypted license (non-evaluation).
Info: nios2_qsys_0: # 2019.01.25 11:19:57 (*)   Encrypted license found.  SOF will not be time-limited.
Info: nios2_qsys_0: # 2019.01.25 11:19:57 (*)   Elaborating CPU configuration settings
Info: nios2_qsys_0: # 2019.01.25 11:19:57 (*)   Creating all objects for CPU
Info: nios2_qsys_0: # 2019.01.25 11:19:57 (*)     Testbench
Info: nios2_qsys_0: # 2019.01.25 11:19:58 (*)     Instruction decoding
Info: nios2_qsys_0: # 2019.01.25 11:19:58 (*)       Instruction fields
Info: nios2_qsys_0: # 2019.01.25 11:19:58 (*)       Instruction decodes
Info: nios2_qsys_0: # 2019.01.25 11:19:58 (*)       Signals for RTL simulation waveforms
Info: nios2_qsys_0: # 2019.01.25 11:19:58 (*)       Instruction controls
Info: nios2_qsys_0: # 2019.01.25 11:19:58 (*)     Pipeline frontend
Info: nios2_qsys_0: # 2019.01.25 11:19:58 (*)     Pipeline backend
Info: nios2_qsys_0: # 2019.01.25 11:20:00 (*)   Generating RTL from CPU objects
Info: nios2_qsys_0: # 2019.01.25 11:20:03 (*)   Creating encrypted RTL
Info: nios2_qsys_0: # 2019.01.25 11:20:04 (*) Done Nios II generation
Info: nios2_qsys_0: Done RTL generation for module 'pro12_buttons_control_leds_nios2_qsys_0'
Info: nios2_qsys_0: "pro12_buttons_control_leds" instantiated altera_nios2_qsys "nios2_qsys_0"
Info: onchip_memory2_0: Starting RTL generation for module 'pro12_buttons_control_leds_onchip_memory2_0'
Info: onchip_memory2_0:   Generation command is [exec C:/altera/13.0sp1/quartus/bin/perl/bin/perl.exe -I C:/altera/13.0sp1/quartus/common/ip/altera/common/perl/5.8.3 -I C:/altera/13.0sp1/quartus/sopc_builder/bin/europa -I C:/altera/13.0sp1/quartus/sopc_builder/bin/perl_lib -I C:/altera/13.0sp1/quartus/sopc_builder/bin -I C:/altera/13.0sp1/quartus/../ip/altera/sopc_builder_ip/common -I C:/altera/13.0sp1/quartus/../ip/altera/sopc_builder_ip/altera_avalon_onchip_memory2 -- C:/altera/13.0sp1/quartus/../ip/altera/sopc_builder_ip/altera_avalon_onchip_memory2/generate_rtl.pl --name=pro12_buttons_control_leds_onchip_memory2_0 --dir=C:/Users/Takeshi/AppData/Local/Temp/alt7921_1012708779091971593.dir/0002_onchip_memory2_0_gen/ --quartus_dir=C:/altera/13.0sp1/quartus --verilog --config=C:/Users/Takeshi/AppData/Local/Temp/alt7921_1012708779091971593.dir/0002_onchip_memory2_0_gen//pro12_buttons_control_leds_onchip_memory2_0_component_configuration.pl  --do_build_sim=0  ]
Info: onchip_memory2_0: Done RTL generation for module 'pro12_buttons_control_leds_onchip_memory2_0'
Info: onchip_memory2_0: "pro12_buttons_control_leds" instantiated altera_avalon_onchip_memory2 "onchip_memory2_0"
Info: jtag_uart_0: Starting RTL generation for module 'pro12_buttons_control_leds_jtag_uart_0'
Info: jtag_uart_0:   Generation command is [exec C:/altera/13.0sp1/quartus/bin/perl/bin/perl.exe -I C:/altera/13.0sp1/quartus/common/ip/altera/common/perl/5.8.3 -I C:/altera/13.0sp1/quartus/sopc_builder/bin/europa -I C:/altera/13.0sp1/quartus/sopc_builder/bin/perl_lib -I C:/altera/13.0sp1/quartus/sopc_builder/bin -I C:/altera/13.0sp1/quartus/../ip/altera/sopc_builder_ip/common -I C:/altera/13.0sp1/quartus/../ip/altera/sopc_builder_ip/altera_avalon_jtag_uart -- C:/altera/13.0sp1/quartus/../ip/altera/sopc_builder_ip/altera_avalon_jtag_uart/generate_rtl.pl --name=pro12_buttons_control_leds_jtag_uart_0 --dir=C:/Users/Takeshi/AppData/Local/Temp/alt7921_1012708779091971593.dir/0003_jtag_uart_0_gen/ --quartus_dir=C:/altera/13.0sp1/quartus --verilog --config=C:/Users/Takeshi/AppData/Local/Temp/alt7921_1012708779091971593.dir/0003_jtag_uart_0_gen//pro12_buttons_control_leds_jtag_uart_0_component_configuration.pl  --do_build_sim=0  ]
Info: jtag_uart_0: Done RTL generation for module 'pro12_buttons_control_leds_jtag_uart_0'
Info: jtag_uart_0: "pro12_buttons_control_leds" instantiated altera_avalon_jtag_uart "jtag_uart_0"
Info: led: Starting RTL generation for module 'pro12_buttons_control_leds_led'
Info: led:   Generation command is [exec C:/altera/13.0sp1/quartus/bin/perl/bin/perl.exe -I C:/altera/13.0sp1/quartus/common/ip/altera/common/perl/5.8.3 -I C:/altera/13.0sp1/quartus/sopc_builder/bin/europa -I C:/altera/13.0sp1/quartus/sopc_builder/bin/perl_lib -I C:/altera/13.0sp1/quartus/sopc_builder/bin -I C:/altera/13.0sp1/quartus/../ip/altera/sopc_builder_ip/common -I C:/altera/13.0sp1/quartus/../ip/altera/sopc_builder_ip/altera_avalon_pio -- C:/altera/13.0sp1/quartus/../ip/altera/sopc_builder_ip/altera_avalon_pio/generate_rtl.pl --name=pro12_buttons_control_leds_led --dir=C:/Users/Takeshi/AppData/Local/Temp/alt7921_1012708779091971593.dir/0004_led_gen/ --quartus_dir=C:/altera/13.0sp1/quartus --verilog --config=C:/Users/Takeshi/AppData/Local/Temp/alt7921_1012708779091971593.dir/0004_led_gen//pro12_buttons_control_leds_led_component_configuration.pl  --do_build_sim=0  ]
Info: led: Done RTL generation for module 'pro12_buttons_control_leds_led'
Info: led: "pro12_buttons_control_leds" instantiated altera_avalon_pio "led"
Info: btn: Starting RTL generation for module 'pro12_buttons_control_leds_btn'
Info: btn:   Generation command is [exec C:/altera/13.0sp1/quartus/bin/perl/bin/perl.exe -I C:/altera/13.0sp1/quartus/common/ip/altera/common/perl/5.8.3 -I C:/altera/13.0sp1/quartus/sopc_builder/bin/europa -I C:/altera/13.0sp1/quartus/sopc_builder/bin/perl_lib -I C:/altera/13.0sp1/quartus/sopc_builder/bin -I C:/altera/13.0sp1/quartus/../ip/altera/sopc_builder_ip/common -I C:/altera/13.0sp1/quartus/../ip/altera/sopc_builder_ip/altera_avalon_pio -- C:/altera/13.0sp1/quartus/../ip/altera/sopc_builder_ip/altera_avalon_pio/generate_rtl.pl --name=pro12_buttons_control_leds_btn --dir=C:/Users/Takeshi/AppData/Local/Temp/alt7921_1012708779091971593.dir/0005_btn_gen/ --quartus_dir=C:/altera/13.0sp1/quartus --verilog --config=C:/Users/Takeshi/AppData/Local/Temp/alt7921_1012708779091971593.dir/0005_btn_gen//pro12_buttons_control_leds_btn_component_configuration.pl  --do_build_sim=0  ]
Info: btn: Done RTL generation for module 'pro12_buttons_control_leds_btn'
Info: btn: "pro12_buttons_control_leds" instantiated altera_avalon_pio "btn"
Info: nios2_qsys_0_instruction_master_translator: "pro12_buttons_control_leds" instantiated altera_merlin_master_translator "nios2_qsys_0_instruction_master_translator"
Info: nios2_qsys_0_jtag_debug_module_translator: "pro12_buttons_control_leds" instantiated altera_merlin_slave_translator "nios2_qsys_0_jtag_debug_module_translator"
Info: nios2_qsys_0_instruction_master_translator_avalon_universal_master_0_agent: "pro12_buttons_control_leds" instantiated altera_merlin_master_agent "nios2_qsys_0_instruction_master_translator_avalon_universal_master_0_agent"
Info: nios2_qsys_0_jtag_debug_module_translator_avalon_universal_slave_0_agent: "pro12_buttons_control_leds" instantiated altera_merlin_slave_agent "nios2_qsys_0_jtag_debug_module_translator_avalon_universal_slave_0_agent"
Info: nios2_qsys_0_jtag_debug_module_translator_avalon_universal_slave_0_agent_rsp_fifo: "pro12_buttons_control_leds" instantiated altera_avalon_sc_fifo "nios2_qsys_0_jtag_debug_module_translator_avalon_universal_slave_0_agent_rsp_fifo"
Info: addr_router: "pro12_buttons_control_leds" instantiated altera_merlin_router "addr_router"
Info: addr_router_001: "pro12_buttons_control_leds" instantiated altera_merlin_router "addr_router_001"
Info: id_router: "pro12_buttons_control_leds" instantiated altera_merlin_router "id_router"
Info: id_router_002: "pro12_buttons_control_leds" instantiated altera_merlin_router "id_router_002"
Info: limiter: "pro12_buttons_control_leds" instantiated altera_merlin_traffic_limiter "limiter"
Info: rst_controller: "pro12_buttons_control_leds" instantiated altera_reset_controller "rst_controller"
Info: cmd_xbar_demux: "pro12_buttons_control_leds" instantiated altera_merlin_demultiplexer "cmd_xbar_demux"
Info: cmd_xbar_demux_001: "pro12_buttons_control_leds" instantiated altera_merlin_demultiplexer "cmd_xbar_demux_001"
Info: cmd_xbar_mux: "pro12_buttons_control_leds" instantiated altera_merlin_multiplexer "cmd_xbar_mux"
Info: rsp_xbar_demux: "pro12_buttons_control_leds" instantiated altera_merlin_demultiplexer "rsp_xbar_demux"
Info: rsp_xbar_demux_002: "pro12_buttons_control_leds" instantiated altera_merlin_demultiplexer "rsp_xbar_demux_002"
Info: rsp_xbar_mux: "pro12_buttons_control_leds" instantiated altera_merlin_multiplexer "rsp_xbar_mux"
Info: Reusing file C:/Users/Takeshi/Documents/FPGA/projectsC/NIOSII/pro12_buttons_control_leds/QSYS/pro12_buttons_control_leds/synthesis/submodules/altera_merlin_arbitrator.sv
Info: rsp_xbar_mux_001: "pro12_buttons_control_leds" instantiated altera_merlin_multiplexer "rsp_xbar_mux_001"
Info: Reusing file C:/Users/Takeshi/Documents/FPGA/projectsC/NIOSII/pro12_buttons_control_leds/QSYS/pro12_buttons_control_leds/synthesis/submodules/altera_merlin_arbitrator.sv
Info: irq_mapper: "pro12_buttons_control_leds" instantiated altera_irq_mapper "irq_mapper"
Info: pro12_buttons_control_leds: Done pro12_buttons_control_leds" with 25 modules, 73 files, 1557064 bytes
Info: ip-generate succeeded.
Info: Finished: Create HDL design files for synthesis
