Flow report for pro12_buttons_control_leds
Tue Jan 29 10:43:51 2019
Quartus II 64-Bit Version 13.0.1 Build 232 06/12/2013 Service Pack 1 SJ Web Edition


---------------------
; Table of Contents ;
---------------------
  1. Legal Notice
  2. Flow Summary
  3. Flow Settings
  4. Flow Non-Default Global Settings
  5. Flow Elapsed Time
  6. Flow OS Summary
  7. Flow Log
  8. Flow Messages
  9. Flow Suppressed Messages



----------------
; Legal Notice ;
----------------
Copyright (C) 1991-2013 Altera Corporation
Your use of Altera Corporation's design tools, logic functions 
and other software and tools, and its AMPP partner logic 
functions, and any output files from any of the foregoing 
(including device programming or simulation files), and any 
associated documentation or information are expressly subject 
to the terms and conditions of the Altera Program License 
Subscription Agreement, Altera MegaCore Function License 
Agreement, or other applicable license agreement, including, 
without limitation, that your use is for the sole purpose of 
programming logic devices manufactured by Altera and sold by 
Altera or its authorized distributors.  Please refer to the 
applicable agreement for further details.



+--------------------------------------------------------------------------------------+
; Flow Summary                                                                         ;
+------------------------------------+-------------------------------------------------+
; Flow Status                        ; Successful - Tue Jan 29 10:43:49 2019           ;
; Quartus II 64-Bit Version          ; 13.0.1 Build 232 06/12/2013 SP 1 SJ Web Edition ;
; Revision Name                      ; pro12_buttons_control_leds                      ;
; Top-level Entity Name              ; top                                             ;
; Family                             ; Cyclone II                                      ;
; Device                             ; EP2C70F896C6                                    ;
; Timing Models                      ; Final                                           ;
; Total logic elements               ; 2,994 / 68,416 ( 4 % )                          ;
;     Total combinational functions  ; 2,659 / 68,416 ( 4 % )                          ;
;     Dedicated logic registers      ; 1,885 / 68,416 ( 3 % )                          ;
; Total registers                    ; 1885                                            ;
; Total pins                         ; 13 / 622 ( 2 % )                                ;
; Total virtual pins                 ; 0                                               ;
; Total memory bits                  ; 95,552 / 1,152,000 ( 8 % )                      ;
; Embedded Multiplier 9-bit elements ; 4 / 300 ( 1 % )                                 ;
; Total PLLs                         ; 0 / 4 ( 0 % )                                   ;
+------------------------------------+-------------------------------------------------+


+------------------------------------------------+
; Flow Settings                                  ;
+-------------------+----------------------------+
; Option            ; Setting                    ;
+-------------------+----------------------------+
; Start date & time ; 01/29/2019 10:43:03        ;
; Main task         ; Compilation                ;
; Revision Name     ; pro12_buttons_control_leds ;
+-------------------+----------------------------+


+-------------------------------------------------------------------------------------------------------------------------------------+
; Flow Non-Default Global Settings                                                                                                    ;
+-------------------------------------+---------------------------------------+----------------------------+-------------+------------+
; Assignment Name                     ; Value                                 ; Default Value              ; Entity Name ; Section Id ;
+-------------------------------------+---------------------------------------+----------------------------+-------------+------------+
; COMPILER_SIGNATURE_ID               ; 1098171111675.154876938207604         ; --                         ; --          ; --         ;
; MAX_CORE_JUNCTION_TEMP              ; 85                                    ; --                         ; --          ; --         ;
; MIN_CORE_JUNCTION_TEMP              ; 0                                     ; --                         ; --          ; --         ;
; PARTITION_COLOR                     ; 16764057                              ; --                         ; top         ; Top        ;
; PARTITION_FITTER_PRESERVATION_LEVEL ; PLACEMENT_AND_ROUTING                 ; --                         ; top         ; Top        ;
; PARTITION_NETLIST_TYPE              ; SOURCE                                ; --                         ; top         ; Top        ;
; POWER_BOARD_THERMAL_MODEL           ; None (CONSERVATIVE)                   ; --                         ; --          ; --         ;
; POWER_PRESET_COOLING_SOLUTION       ; 23 MM HEAT SINK WITH 200 LFPM AIRFLOW ; --                         ; --          ; --         ;
; PROJECT_OUTPUT_DIRECTORY            ; output_files                          ; --                         ; --          ; --         ;
; TOP_LEVEL_ENTITY                    ; top                                   ; pro12_buttons_control_leds ; --          ; --         ;
+-------------------------------------+---------------------------------------+----------------------------+-------------+------------+


+-------------------------------------------------------------------------------------------------------------------------------+
; Flow Elapsed Time                                                                                                             ;
+---------------------------+--------------+-------------------------+---------------------+------------------------------------+
; Module Name               ; Elapsed Time ; Average Processors Used ; Peak Virtual Memory ; Total CPU Time (on all processors) ;
+---------------------------+--------------+-------------------------+---------------------+------------------------------------+
; Analysis & Synthesis      ; 00:00:17     ; 1.0                     ; 607 MB              ; 00:00:14                           ;
; Fitter                    ; 00:00:19     ; 1.3                     ; 1153 MB             ; 00:00:21                           ;
; Assembler                 ; 00:00:04     ; 1.0                     ; 445 MB              ; 00:00:04                           ;
; TimeQuest Timing Analyzer ; 00:00:01     ; 1.0                     ; 477 MB              ; 00:00:01                           ;
; Total                     ; 00:00:41     ; --                      ; --                  ; 00:00:40                           ;
+---------------------------+--------------+-------------------------+---------------------+------------------------------------+


+----------------------------------------------------------------------------------------+
; Flow OS Summary                                                                        ;
+---------------------------+------------------+-----------+------------+----------------+
; Module Name               ; Machine Hostname ; OS Name   ; OS Version ; Processor type ;
+---------------------------+------------------+-----------+------------+----------------+
; Analysis & Synthesis      ; LAAI-PC          ; Windows 7 ; 6.1        ; x86_64         ;
; Fitter                    ; LAAI-PC          ; Windows 7 ; 6.1        ; x86_64         ;
; Assembler                 ; LAAI-PC          ; Windows 7 ; 6.1        ; x86_64         ;
; TimeQuest Timing Analyzer ; LAAI-PC          ; Windows 7 ; 6.1        ; x86_64         ;
+---------------------------+------------------+-----------+------------+----------------+


------------
; Flow Log ;
------------
quartus_map --read_settings_files=on --write_settings_files=off pro12_buttons_control_leds -c pro12_buttons_control_leds
quartus_fit --read_settings_files=off --write_settings_files=off pro12_buttons_control_leds -c pro12_buttons_control_leds
quartus_asm --read_settings_files=off --write_settings_files=off pro12_buttons_control_leds -c pro12_buttons_control_leds
quartus_sta pro12_buttons_control_leds -c pro12_buttons_control_leds



